<?xml version="1.0" encoding="UTF-8"?>
<!-- Generated by org.testng.reporters.JUnitXMLReporter -->
<testsuite ignored="7" hostname="mamobarjos" failures="0" tests="1" name="Default test" time="23.739" errors="0" timestamp="2025-01-06T13:27:50 EET">
  <testcase classname="codenboxautomationlab.MainTest" name="Switch_Tab_Example" time="8.69"/>
  <testcase classname="codenboxautomationlab.MainTest" name="Switch_Window_Example" time="0.0">
    <ignored/>
  </testcase> <!-- Switch_Window_Example -->
  <testcase classname="codenboxautomationlab.MainTest" name="Switch_Window" time="0.0">
    <ignored/>
  </testcase> <!-- Switch_Window -->
  <testcase classname="codenboxautomationlab.MainTest" name="SwitchToAlert" time="0.0">
    <ignored/>
  </testcase> <!-- SwitchToAlert -->
  <testcase classname="codenboxautomationlab.MainTest" name="StaticDropdownExample" time="0.0">
    <ignored/>
  </testcase> <!-- StaticDropdownExample -->
  <testcase classname="codenboxautomationlab.MainTest" name="DynamicDropdownExample" time="0.0">
    <ignored/>
  </testcase> <!-- DynamicDropdownExample -->
  <testcase classname="codenboxautomationlab.MainTest" name="RadioButtonExample" time="0.0">
    <ignored/>
  </testcase> <!-- RadioButtonExample -->
  <testcase classname="codenboxautomationlab.MainTest" name="Checkbox" time="0.0">
    <ignored/>
  </testcase> <!-- Checkbox -->
</testsuite> <!-- Default test -->
