<?xml version="1.0" encoding="UTF-8"?>
<!-- Generated by org.testng.reporters.JUnitXMLReporter -->
<testsuite ignored="14" hostname="mamobarjos" failures="0" tests="1" name="Default test" time="18.084" errors="0" timestamp="2025-01-14T14:58:20 EET">
  <testcase classname="codenboxautomationlab.MainTest" name="Download_file_to_test" time="0.498"/>
  <testcase classname="codenboxautomationlab.MainTest" name="Switch_Window_Example" time="0.0">
    <ignored/>
  </testcase> <!-- Switch_Window_Example -->
  <testcase classname="codenboxautomationlab.MainTest" name="iFrame_Example" time="0.0">
    <ignored/>
  </testcase> <!-- iFrame_Example -->
  <testcase classname="codenboxautomationlab.MainTest" name="Switch_Window" time="0.0">
    <ignored/>
  </testcase> <!-- Switch_Window -->
  <testcase classname="codenboxautomationlab.MainTest" name="SwitchToAlert" time="0.0">
    <ignored/>
  </testcase> <!-- SwitchToAlert -->
  <testcase classname="codenboxautomationlab.MainTest" name="Mouse_Hover_Example" time="0.0">
    <ignored/>
  </testcase> <!-- Mouse_Hover_Example -->
  <testcase classname="codenboxautomationlab.MainTest" name="Web_Table" time="0.0">
    <ignored/>
  </testcase> <!-- Web_Table -->
  <testcase classname="codenboxautomationlab.MainTest" name="RadioButtonExample" time="0.0">
    <ignored/>
  </testcase> <!-- RadioButtonExample -->
  <testcase classname="codenboxautomationlab.MainTest" name="StaticDropdownExample" time="0.0">
    <ignored/>
  </testcase> <!-- StaticDropdownExample -->
  <testcase classname="codenboxautomationlab.MainTest" name="Element_Displayed" time="0.0">
    <ignored/>
  </testcase> <!-- Element_Displayed -->
  <testcase classname="codenboxautomationlab.MainTest" name="Calendar_Example" time="0.0">
    <ignored/>
  </testcase> <!-- Calendar_Example -->
  <testcase classname="codenboxautomationlab.MainTest" name="DynamicDropdownExample" time="0.0">
    <ignored/>
  </testcase> <!-- DynamicDropdownExample -->
  <testcase classname="codenboxautomationlab.MainTest" name="Switch_Tab_Example" time="0.0">
    <ignored/>
  </testcase> <!-- Switch_Tab_Example -->
  <testcase classname="codenboxautomationlab.MainTest" name="Enabled_Disabled_Example" time="0.0">
    <ignored/>
  </testcase> <!-- Enabled_Disabled_Example -->
  <testcase classname="codenboxautomationlab.MainTest" name="Checkbox" time="0.0">
    <ignored/>
  </testcase> <!-- Checkbox -->
</testsuite> <!-- Default test -->
