<?xml version="1.0" encoding="UTF-8"?>
<testng-results ignored="7" total="8" passed="1" failed="0" skipped="0">
  <reporter-output>
  </reporter-output>
  <suite started-at="2025-01-06T13:27:26 EET" name="Default suite" finished-at="2025-01-06T13:27:50 EET" duration-ms="23739">
    <groups>
    </groups>
    <test started-at="2025-01-06T13:27:26 EET" name="Default test" finished-at="2025-01-06T13:27:50 EET" duration-ms="23739">
      <class name="codenboxautomationlab.MainTest">
        <test-method is-config="true" signature="Mysetup()[pri:0, instance:codenboxautomationlab.MainTest@5ef6ae06]" started-at="2025-01-06T13:27:26 EET" name="Mysetup" finished-at="2025-01-06T13:27:41 EET" duration-ms="14886" status="PASS">
          <reporter-output>
          </reporter-output>
        </test-method> <!-- Mysetup -->
        <test-method signature="Switch_Tab_Example()[pri:6, instance:codenboxautomationlab.MainTest@5ef6ae06]" started-at="2025-01-06T13:27:41 EET" name="Switch_Tab_Example" description="check moving to another tab" finished-at="2025-01-06T13:27:50 EET" duration-ms="8690" status="PASS">
          <reporter-output>
          </reporter-output>
        </test-method> <!-- Switch_Tab_Example -->
      </class> <!-- codenboxautomationlab.MainTest -->
    </test> <!-- Default test -->
  </suite> <!-- Default suite -->
</testng-results>
