<?xml version="1.0" encoding="UTF-8"?>
<testng-results ignored="14" total="15" passed="1" failed="0" skipped="0">
  <reporter-output>
  </reporter-output>
  <suite started-at="2025-01-14T14:58:01 EET" name="Default suite" finished-at="2025-01-14T14:58:19 EET" duration-ms="18084">
    <groups>
    </groups>
    <test started-at="2025-01-14T14:58:01 EET" name="Default test" finished-at="2025-01-14T14:58:19 EET" duration-ms="18084">
      <class name="codenboxautomationlab.MainTest">
        <test-method is-config="true" signature="Mysetup()[pri:0, instance:codenboxautomationlab.MainTest@2cc44ad]" started-at="2025-01-14T14:58:01 EET" name="Mysetup" finished-at="2025-01-14T14:58:19 EET" duration-ms="17438" status="PASS">
          <reporter-output>
          </reporter-output>
        </test-method> <!-- Mysetup -->
        <test-method signature="Download_file_to_test()[pri:14, instance:codenboxautomationlab.MainTest@2cc44ad]" started-at="2025-01-14T14:58:19 EET" name="Download_file_to_test" description="dawnload the file inside the main page" finished-at="2025-01-14T14:58:19 EET" duration-ms="498" status="PASS">
          <reporter-output>
          </reporter-output>
        </test-method> <!-- Download_file_to_test -->
      </class> <!-- codenboxautomationlab.MainTest -->
    </test> <!-- Default test -->
  </suite> <!-- Default suite -->
</testng-results>
